Build started 2015/11/20 17:46:09.
     1>Project "F:\KinderRiven\ACMerSystem\ACMerSystem\ACMerSystem.vcxproj" on node 2 (Build target(s)).
     1>ClCompile:
         F:\VS2013NEW\VC\bin\x86_amd64\CL.exe /c /I.\GeneratedFiles /I. /IF:\QT\QT5.4.2\5.4\msvc2013_64\include /I.\GeneratedFiles\Debug /IF:\QT\QT5.4.2\5.4\msvc2013_64\include\QtCore /IF:\QT\QT5.4.2\5.4\msvc2013_64\include\QtGui /IF:\QT\QT5.4.2\5.4\msvc2013_64\include\QtMultimedia /IF:\QT\QT5.4.2\5.4\msvc2013_64\include\QtMultimediaWidgets /IF:\QT\QT5.4.2\5.4\msvc2013_64\include\QtNetwork /IF:\QT\QT5.4.2\5.4\msvc2013_64\include\QtQuick /IF:\QT\QT5.4.2\5.4\msvc2013_64\include\QtSql /IF:\QT\QT5.4.2\5.4\msvc2013_64\include\QtWidgets /IF:\QT\QT5.4.2\5.4\msvc2013_64\include\QtXml /Zi /nologo /W1 /WX- /Od /D UNICODE /D WIN32 /D WIN64 /D QT_DLL /D QT_CORE_LIB /D QT_GUI_LIB /D QT_MULTIMEDIA_LIB /D QT_MULTIMEDIAWIDGETS_LIB /D QT_NETWORK_LIB /D QT_QUICK_LIB /D QT_SQL_LIB /D QT_WIDGETS_LIB /D QT_XML_LIB /Gm- /EHsc /MDd /GS /fp:precise /Zc:wchar_t /Zc:forScope /Fo"x64\Debug\\" /Fd"x64\Debug\vc120.pdb" /Gd /TP /errorReport:prompt acmersystem.cpp
         acmersystem.cpp
       Link:
         F:\VS2013NEW\VC\bin\x86_amd64\link.exe /ERRORREPORT:PROMPT /OUT:"F:\KinderRiven\ACMerSystem\x64\Debug\\ACMerSystem.exe" /NOLOGO /LIBPATH:F:\QT\QT5.4.2\5.4\msvc2013_64\lib qtmaind.lib Qt5Cored.lib Qt5Guid.lib Qt5Multimediad.lib Qt5MultimediaWidgetsd.lib Qt5Networkd.lib Qt5Quickd.lib Qt5Sqld.lib Qt5Widgetsd.lib Qt5Xmld.lib kernel32.lib user32.lib gdi32.lib winspool.lib comdlg32.lib advapi32.lib shell32.lib ole32.lib oleaut32.lib uuid.lib odbc32.lib odbccp32.lib /MANIFEST /MANIFESTUAC:"level='asInvoker' uiAccess='false'" /manifest:embed /DEBUG /PDB:"F:\KinderRiven\ACMerSystem\x64\Debug\ACMerSystem.pdb" /SUBSYSTEM:WINDOWS /TLBID:1 /DYNAMICBASE /NXCOMPAT /IMPLIB:"F:\KinderRiven\ACMerSystem\x64\Debug\ACMerSystem.lib" /MACHINE:X64 x64\Debug\acmersystem.obj
         x64\Debug\computerSystem.obj
         x64\Debug\moc_acmersystem.obj
         x64\Debug\moc_kloginwindow.obj
         x64\Debug\moc_ksettingswindow.obj
         x64\Debug\moc_kshowdata.obj
         x64\Debug\moc_kstartwindow.obj
         x64\Debug\moc_ktable.obj
         x64\Debug\moc_kwarningwindow.obj
         x64\Debug\qrc_acmersystem.obj
         x64\Debug\kloginwindow.obj
         x64\Debug\kMusicData.obj
         x64\Debug\ksettingswindow.obj
         x64\Debug\kshowdata.obj
         x64\Debug\kstartwindow.obj
         x64\Debug\ktable.obj
         x64\Debug\kUserData.obj
         x64\Debug\kwarningwindow.obj
         x64\Debug\main.obj
         ACMerSystem.vcxproj -> F:\KinderRiven\ACMerSystem\x64\Debug\ACMerSystem.exe
     1>Done Building Project "F:\KinderRiven\ACMerSystem\ACMerSystem\ACMerSystem.vcxproj" (Build target(s)).

Build succeeded.

Time Elapsed 00:00:02.31
