f:\kinderriven\acmersystem\acmersystem\x64\debug\vc120.pdb
f:\kinderriven\acmersystem\acmersystem\x64\debug\qrc_acmersystem.obj
f:\kinderriven\acmersystem\acmersystem\x64\debug\main.obj
f:\kinderriven\acmersystem\acmersystem\x64\debug\acmersystem.obj
f:\kinderriven\acmersystem\acmersystem\x64\debug\moc_acmersystem.obj
f:\kinderriven\acmersystem\acmersystem\x64\debug\kloginwindow.obj
f:\kinderriven\acmersystem\acmersystem\x64\debug\moc_kloginwindow.obj
f:\kinderriven\acmersystem\acmersystem\generatedfiles\ui_acmersystem.h
f:\kinderriven\acmersystem\acmersystem\generatedfiles\qrc_acmersystem.cpp
f:\kinderriven\acmersystem\acmersystem\generatedfiles\debug\moc_acmersystem.cpp
f:\kinderriven\acmersystem\acmersystem\generatedfiles\debug\moc_kloginwindow.cpp
f:\kinderriven\acmersystem\acmersystem\generatedfiles\ui_kloginwindow.h
f:\kinderriven\acmersystem\x64\debug\acmersystem.ilk
f:\kinderriven\acmersystem\x64\debug\acmersystem.exe
f:\kinderriven\acmersystem\x64\debug\acmersystem.pdb
f:\kinderriven\acmersystem\acmersystem\x64\debug\acmersystem.tlog\cl.command.1.tlog
f:\kinderriven\acmersystem\acmersystem\x64\debug\acmersystem.tlog\cl.read.1.tlog
f:\kinderriven\acmersystem\acmersystem\x64\debug\acmersystem.tlog\cl.write.1.tlog
f:\kinderriven\acmersystem\acmersystem\x64\debug\acmersystem.tlog\custombuild.command.1.tlog
f:\kinderriven\acmersystem\acmersystem\x64\debug\acmersystem.tlog\custombuild.read.1.tlog
f:\kinderriven\acmersystem\acmersystem\x64\debug\acmersystem.tlog\custombuild.write.1.tlog
f:\kinderriven\acmersystem\acmersystem\x64\debug\acmersystem.tlog\link.command.1.tlog
f:\kinderriven\acmersystem\acmersystem\x64\debug\acmersystem.tlog\link.read.1.tlog
f:\kinderriven\acmersystem\acmersystem\x64\debug\acmersystem.tlog\link.write.1.tlog
