生成启动时间为 2015/8/2 10:59:04。
     1>项目“F:\KinderRiven\ACMerSystem\ACMerSystem\ACMerSystem.vcxproj”在节点 2 上(Build 个目标)。
     1>C:\Program Files (x86)\MSBuild\Microsoft.Cpp\v4.0\V120\Microsoft.CppBuild.targets(935,5): warning MSB8027: Two or more files with the name of moc_acmersystem.cpp will produce outputs to the same location. This can lead to an incorrect build result.  The files involved are GeneratedFiles\Debug\moc_acmersystem.cpp, GeneratedFiles\Release\moc_acmersystem.cpp.
     1>ClCompile:
         F:\Visual Studio2013\VC\bin\CL.exe /c /IF:\QT\QT5.4.2\5.4\msvc2013_64\include /I.\GeneratedFiles /I. /IF:\QT\QT5.4.2\5.4\msvc2013_64\include /I.\GeneratedFiles\Debug /IF:\QT\QT5.4.2\5.4\msvc2013_64\include\QtCore /IF:\QT\QT5.4.2\5.4\msvc2013_64\include\QtGui /IF:\QT\QT5.4.2\5.4\msvc2013_64\include\QtMultimedia /IF:\QT\QT5.4.2\5.4\msvc2013_64\include\QtMultimediaWidgets /IF:\QT\QT5.4.2\5.4\msvc2013_64\include\QtNetwork /IF:\QT\QT5.4.2\5.4\msvc2013_64\include\QtQuick /IF:\QT\QT5.4.2\5.4\msvc2013_64\include\QtSql /IF:\QT\QT5.4.2\5.4\msvc2013_64\include\QtWidgets /IF:\QT\QT5.4.2\5.4\msvc2013_64\include\QtXml /Zi /nologo /W1 /WX- /Od /Oy- /D UNICODE /D WIN32 /D WIN64 /D QT_DLL /D QT_CORE_LIB /D QT_GUI_LIB /D QT_MULTIMEDIA_LIB /D QT_MULTIMEDIAWIDGETS_LIB /D QT_NETWORK_LIB /D QT_QUICK_LIB /D QT_SQL_LIB /D QT_WIDGETS_LIB /D QT_XML_LIB /Gm- /EHsc /MDd /GS /fp:precise /Zc:wchar_t /Zc:forScope /Fo"Debug\\" /Fd"Debug\vc120.pdb" /Gd /TP /analyze- /errorReport:prompt acmersystem.cpp GeneratedFiles\Debug\moc_acmersystem.cpp main.cpp
         acmersystem.cpp
         moc_acmersystem.cpp
         main.cpp
         正在生成代码...
         F:\Visual Studio2013\VC\bin\CL.exe /c /IF:\QT\QT5.4.2\5.4\msvc2013_64\include /I.\GeneratedFiles /I. /IF:\QT\QT5.4.2\5.4\msvc2013_64\include /I.\GeneratedFiles\Debug /IF:\QT\QT5.4.2\5.4\msvc2013_64\include\QtCore /IF:\QT\QT5.4.2\5.4\msvc2013_64\include\QtGui /IF:\QT\QT5.4.2\5.4\msvc2013_64\include\QtMultimedia /IF:\QT\QT5.4.2\5.4\msvc2013_64\include\QtMultimediaWidgets /IF:\QT\QT5.4.2\5.4\msvc2013_64\include\QtNetwork /IF:\QT\QT5.4.2\5.4\msvc2013_64\include\QtQuick /IF:\QT\QT5.4.2\5.4\msvc2013_64\include\QtSql /IF:\QT\QT5.4.2\5.4\msvc2013_64\include\QtWidgets /IF:\QT\QT5.4.2\5.4\msvc2013_64\include\QtXml /Zi /nologo /W1 /WX- /Od /Oy- /D UNICODE /D WIN32 /D WIN64 /D QT_DLL /D QT_CORE_LIB /D QT_GUI_LIB /D QT_MULTIMEDIA_LIB /D QT_MULTIMEDIAWIDGETS_LIB /D QT_NETWORK_LIB /D QT_QUICK_LIB /D QT_SQL_LIB /D QT_WIDGETS_LIB /D QT_XML_LIB /Gm- /EHsc /MDd /GS /fp:precise /Zc:wchar_t /Zc:forScope /Fo"Debug\\" /Fd"Debug\vc120.pdb" /Gd /TP /analyze- /errorReport:prompt GeneratedFiles\qrc_acmersystem.cpp
         qrc_acmersystem.cpp
       Link:
         F:\Visual Studio2013\VC\bin\link.exe /ERRORREPORT:PROMPT /OUT:"F:\KinderRiven\ACMerSystem\Win32\Debug\\ACMerSystem.exe" /NOLOGO /LIBPATH:F:\QT\QT5.4.2\5.4\msvc2013_64\lib qtmaind.lib Qt5Cored.lib Qt5Guid.lib Qt5Multimediad.lib Qt5MultimediaWidgetsd.lib Qt5Networkd.lib Qt5Quickd.lib Qt5Sqld.lib Qt5Widgetsd.lib Qt5Xmld.lib kernel32.lib user32.lib gdi32.lib winspool.lib comdlg32.lib advapi32.lib shell32.lib ole32.lib oleaut32.lib uuid.lib odbc32.lib odbccp32.lib /MANIFEST /MANIFESTUAC:"level='asInvoker' uiAccess='false'" /manifest:embed /DEBUG /PDB:"F:\KinderRiven\ACMerSystem\Win32\Debug\ACMerSystem.pdb" /SUBSYSTEM:WINDOWS /TLBID:1 /DYNAMICBASE /NXCOMPAT /IMPLIB:"F:\KinderRiven\ACMerSystem\Win32\Debug\ACMerSystem.lib" /MACHINE:X86 /SAFESEH Debug\acmersystem.obj
         Debug\moc_acmersystem.obj
         Debug\qrc_acmersystem.obj
         Debug\main.obj
     1>Qt5Widgetsd.lib(Qt5Widgetsd.dll) : fatal error LNK1112: 模块计算机类型“x64”与目标计算机类型“X86”冲突
     1>已完成生成项目“F:\KinderRiven\ACMerSystem\ACMerSystem\ACMerSystem.vcxproj”(Build 个目标)的操作 - 失败。

生成失败。

已用时间 00:00:02.48
